Arguments: 
  C:\Program Files\nodejs\node.exe C:\Users\amaghami\AppData\Roaming\npm\node_modules\yarn\bin\yarn.js install

PATH: 
  C:\Users\amaghami\bin;C:\Program Files\Git\mingw64\bin;C:\Program Files\Git\usr\local\bin;C:\Program Files\Git\usr\bin;C:\Program Files\Git\usr\bin;C:\Program Files\Git\mingw64\bin;C:\Program Files\Git\usr\bin;C:\Users\amaghami\bin;C:\Windows\system32;C:\Windows;C:\Windows\System32\Wbem;C:\Windows\System32\WindowsPowerShell\v1.0;C:\Windows\System32\OpenSSH;%NVM_HOME%;%NVM_SYMLINK%;C:\Program Files\Docker\Docker\resources\bin;C:\ProgramData\DockerDesktop\version-bin;C:\Program Files\Git\cmd;C:\Program Files\Go\bin;C:\Program Files\MySQL\MySQL Shell 8.0\bin;C:\Users\amaghami\AppData\Local\Microsoft\WindowsApps;C:\Users\amaghami\AppData\Local\Programs\Microsoft VS Code\bin;C:\Users\amaghami\AppData\Roaming\nvm;C:\Program Files\nodejs;C:\Users\amaghami\AppData\Roaming\npm;C:\Program Files\JetBrains\WebStorm 2022.1\bin;C:\Users\amaghami\AppData\Local\GitHubDesktop\bin;C:\Users\amaghami\go\bin;C:\Program Files\Git\usr\bin\vendor_perl;C:\Program Files\Git\usr\bin\core_perl

Yarn version: 
  1.22.19

Node version: 
  16.15.0

Platform: 
  win32 x64

Trace: 
  Error: getaddrinfo ENOTFOUND registry.yarnpkg.com
      at GetAddrInfoReqWrap.onlookup [as oncomplete] (node:dns:71:26)

npm manifest: 
  {
    "name": "my-server",
    "version": "1.0.0",
    "description": "",
    "main": "./src/server.js",
    "scripts": {
      "dev": "nodemon server.js"
    },
    "keywords": [],
    "author": "",
    "license": "ISC",
    "dependencies": {
      "-": "^0.0.1",
      "D": "^1.0.0",
      "bcrypt": "^5.1.0",
      "body-parser": "^1.20.1",
      "config": "^3.3.8",
      "cors": "^2.8.5",
      "debug": "^4.3.4",
      "express": "^4.18.2",
      "joi": "^17.6.4",
      "joi-objectid": "^4.0.2",
      "jsonwebtoken": "^8.5.1",
      "lodash": "^4.17.21",
      "mongoose": "^6.6.7",
      "morgan": "^1.10.0",
      "multer": "^1.4.5-lts.1",
      "nodemon": "^2.0.20",
      "path": "^0.12.7",
      "pug": "^3.0.2"
    }
  }

yarn manifest: 
  No manifest

Lockfile: 
  No lockfile
